Using pre-set license
Built from '2021.1/staging' branch; Version is '2021.1.7f1 (d91830b65d9b) revision 14227504'; Using compiler version '192528614'; Build Type 'Release'
OS: 'Windows 10 Pro; OS build 19043.1237; Version 2009; 64bit' Language: 'en' Physical Memory: 7568 MB
BatchMode: 1, IsHumanControllingUs: 0, StartBugReporterOnCrash: 0, Is64bit: 1, IsPro: 0

 COMMAND LINE ARGUMENTS:
C:\Program Files\Unity\Hub\Editor\2021.1.7f1\Editor\Unity.exe
-adb2
-batchMode
-noUpm
-name
AssetImportWorker2
-projectPath
D:/Game Development/Respository/Final Projects/2D platformer
-logFile
Logs/AssetImportWorker2.log
-srvPort
52008
Successfully changed project path to: D:/Game Development/Respository/Final Projects/2D platformer
D:/Game Development/Respository/Final Projects/2D platformer
Using Asset Import Pipeline V2.
Refreshing native plugins compatible for Editor in 148.14 ms, found 2 plugins.
Preloading 0 native plugins for Editor in 0.00 ms.
Initialize engine version: 2021.1.7f1 (d91830b65d9b)
[Subsystems] Discovering subsystems at path C:/Program Files/Unity/Hub/Editor/2021.1.7f1/Editor/Data/Resources/UnitySubsystems
[Subsystems] Discovering subsystems at path D:/Game Development/Respository/Final Projects/2D platformer/Assets
GfxDevice: creating device client; threaded=0; jobified=0
Direct3D:
    Version:  Direct3D 11.0 [level 11.1]
    Renderer: AMD Radeon(TM) Graphics (ID=0x1636)
    Vendor:   ATI
    VRAM:     3784 MB
    Driver:   27.20.11044.7
Shader 'Universal Render Pipeline/Particles/Lit': fallback shader 'Universal Render Pipeline/Particles/SimpleLit' not found
Initialize mono
Mono path[0] = 'C:/Program Files/Unity/Hub/Editor/2021.1.7f1/Editor/Data/Managed'
Mono path[1] = 'C:/Program Files/Unity/Hub/Editor/2021.1.7f1/Editor/Data/MonoBleedingEdge/lib/mono/unityjit'
Mono config path = 'C:/Program Files/Unity/Hub/Editor/2021.1.7f1/Editor/Data/MonoBleedingEdge/etc'
Using monoOptions --debugger-agent=transport=dt_socket,embedding=1,server=y,suspend=n,address=127.0.0.1:56456
Begin MonoManager ReloadAssembly
Registering precompiled unity dll's ...
Register platform support module: C:/Program Files/Unity/Hub/Editor/2021.1.7f1/Editor/Data/PlaybackEngines/WebGLSupport/UnityEditor.WebGL.Extensions.dll
Register platform support module: C:/Program Files/Unity/Hub/Editor/2021.1.7f1/Editor/Data/PlaybackEngines/MacStandaloneSupport/UnityEditor.OSXStandalone.Extensions.dll
Register platform support module: C:/Program Files/Unity/Hub/Editor/2021.1.7f1/Editor/Data/PlaybackEngines/WindowsStandaloneSupport/UnityEditor.WindowsStandalone.Extensions.dll
Registered in 0.002357 seconds.
Native extension for WindowsStandalone target not found
Native extension for OSXStandalone target not found
Native extension for WebGL target not found
Refreshing native plugins compatible for Editor in 162.83 ms, found 2 plugins.
Preloading 0 native plugins for Editor in 0.00 ms.
Mono: successfully reloaded assembly
- Completed reload, in  1.899 seconds
Platform modules already initialized, skipping
Registering precompiled user dll's ...
Registered in 0.003514 seconds.
Begin MonoManager ReloadAssembly
Symbol file LoadedFromMemory doesn't match image D:\Game Development\Respository\Final Projects\2D platformer\Library\PackageCache\com.unity.visualscripting@1.6.1\Editor\VisualScripting.Core\Dependencies\YamlDotNet\Unity.VisualScripting.YamlDotNet.dll
Symbol file LoadedFromMemory doesn't match image D:\Game Development\Respository\Final Projects\2D platformer\Library\PackageCache\com.unity.visualscripting@1.6.1\Editor\VisualScripting.Core\Dependencies\DotNetZip\Unity.VisualScripting.IonicZip.dll
Native extension for WindowsStandalone target not found
Native extension for OSXStandalone target not found
Native extension for WebGL target not found
Refreshing native plugins compatible for Editor in 191.92 ms, found 2 plugins.
Preloading 0 native plugins for Editor in 0.00 ms.
Mono: successfully reloaded assembly
- Completed reload, in  5.482 seconds
Platform modules already initialized, skipping
========================================================================
Worker process is ready to serve import requests
Shader 'Universal Render Pipeline/Particles/Lit': fallback shader 'Universal Render Pipeline/Particles/SimpleLit' not found
Launched and connected shader compiler UnityShaderCompiler.exe after 0.10 seconds
Refreshing native plugins compatible for Editor in 1.28 ms, found 2 plugins.
Preloading 0 native plugins for Editor in 0.00 ms.
Unloading 4828 Unused Serialized files (Serialized files now loaded: 0)
System memory in use before: 197.2 MB.
System memory in use after: 197.2 MB.

Unloading 29 unused Assets to reduce memory usage. Loaded Objects now: 5285.
Total: 3.813000 ms (FindLiveObjects: 0.540000 ms CreateObjectMapping: 0.235400 ms MarkObjects: 2.886100 ms  DeleteObjects: 0.149600 ms)

========================================================================
Received Import Request.
  path: Assets/HealthBar/Bar.png
  artifactKey: Guid(ef6b3b96ff2dc7348b0512223b362386) Importer(815301076,1909f56bfc062723c751e8b465ee728b)
Start importing Assets/HealthBar/Bar.png using Guid(ef6b3b96ff2dc7348b0512223b362386) Importer(815301076,1909f56bfc062723c751e8b465ee728b)  -> (artifact id: '26bc6a08cd81e82518a55d185585417a') in 0.122310 seconds 
========================================================================
Received Import Request.
  Time since last request: 0.000287 seconds.
  path: Assets/HealthBar/Heart.png
  artifactKey: Guid(390bf729cb2fac94594396906bec7091) Importer(815301076,1909f56bfc062723c751e8b465ee728b)
Start importing Assets/HealthBar/Heart.png using Guid(390bf729cb2fac94594396906bec7091) Importer(815301076,1909f56bfc062723c751e8b465ee728b)  -> (artifact id: '1b354401db1f0f9742111064f870a145') in 0.017423 seconds 
========================================================================
Received Import Request.
  Time since last request: 298.432820 seconds.
  path: Assets/Scripts/HealthBar.cs
  artifactKey: Guid(eb935962064a7d14995e44bfc91f93c0) Importer(815301076,1909f56bfc062723c751e8b465ee728b)
Start importing Assets/Scripts/HealthBar.cs using Guid(eb935962064a7d14995e44bfc91f93c0) Importer(815301076,1909f56bfc062723c751e8b465ee728b)  -> (artifact id: '029858d493139551522dff46d14e7e3d') in 0.017660 seconds 
========================================================================
Received Prepare
Registering precompiled user dll's ...
Registered in 0.003472 seconds.
Begin MonoManager ReloadAssembly
Symbol file LoadedFromMemory doesn't match image D:\Game Development\Respository\Final Projects\2D platformer\Library\PackageCache\com.unity.visualscripting@1.6.1\Editor\VisualScripting.Core\Dependencies\YamlDotNet\Unity.VisualScripting.YamlDotNet.dll
Symbol file LoadedFromMemory doesn't match image D:\Game Development\Respository\Final Projects\2D platformer\Library\PackageCache\com.unity.visualscripting@1.6.1\Editor\VisualScripting.Core\Dependencies\DotNetZip\Unity.VisualScripting.IonicZip.dll
Native extension for WindowsStandalone target not found
Native extension for OSXStandalone target not found
Native extension for WebGL target not found
Refreshing native plugins compatible for Editor in 1.32 ms, found 2 plugins.
Preloading 0 native plugins for Editor in 0.00 ms.
Mono: successfully reloaded assembly
- Completed reload, in  1.080 seconds
Platform modules already initialized, skipping
Shader 'Universal Render Pipeline/Particles/Lit': fallback shader 'Universal Render Pipeline/Particles/SimpleLit' not found
Refreshing native plugins compatible for Editor in 1.31 ms, found 2 plugins.
Preloading 0 native plugins for Editor in 0.00 ms.
Unloading 4679 Unused Serialized files (Serialized files now loaded: 0)
System memory in use before: 191.0 MB.
System memory in use after: 191.1 MB.

Unloading 17 unused Assets to reduce memory usage. Loaded Objects now: 5328.
Total: 3.982500 ms (FindLiveObjects: 0.522900 ms CreateObjectMapping: 0.215600 ms MarkObjects: 3.119100 ms  DeleteObjects: 0.123100 ms)

========================================================================
Received Prepare
Registering precompiled user dll's ...
Registered in 0.004003 seconds.
Begin MonoManager ReloadAssembly
Symbol file LoadedFromMemory doesn't match image D:\Game Development\Respository\Final Projects\2D platformer\Library\PackageCache\com.unity.visualscripting@1.6.1\Editor\VisualScripting.Core\Dependencies\YamlDotNet\Unity.VisualScripting.YamlDotNet.dll
Symbol file LoadedFromMemory doesn't match image D:\Game Development\Respository\Final Projects\2D platformer\Library\PackageCache\com.unity.visualscripting@1.6.1\Editor\VisualScripting.Core\Dependencies\DotNetZip\Unity.VisualScripting.IonicZip.dll
Native extension for WindowsStandalone target not found
Native extension for OSXStandalone target not found
Native extension for WebGL target not found
Refreshing native plugins compatible for Editor in 1.39 ms, found 2 plugins.
Preloading 0 native plugins for Editor in 0.00 ms.
Mono: successfully reloaded assembly
- Completed reload, in  1.143 seconds
Platform modules already initialized, skipping
Shader 'Universal Render Pipeline/Particles/Lit': fallback shader 'Universal Render Pipeline/Particles/SimpleLit' not found
Refreshing native plugins compatible for Editor in 1.30 ms, found 2 plugins.
Preloading 0 native plugins for Editor in 0.00 ms.
Unloading 4677 Unused Serialized files (Serialized files now loaded: 0)
System memory in use before: 191.0 MB.
System memory in use after: 191.1 MB.

Unloading 17 unused Assets to reduce memory usage. Loaded Objects now: 5332.
Total: 3.676900 ms (FindLiveObjects: 0.490700 ms CreateObjectMapping: 0.146800 ms MarkObjects: 2.913800 ms  DeleteObjects: 0.123700 ms)

========================================================================
Received Import Request.
  Time since last request: 355.040394 seconds.
  path: Assets/Scripts/HealthBar.cs
  artifactKey: Guid(eb935962064a7d14995e44bfc91f93c0) Importer(815301076,1909f56bfc062723c751e8b465ee728b)
Start importing Assets/Scripts/HealthBar.cs using Guid(eb935962064a7d14995e44bfc91f93c0) Importer(815301076,1909f56bfc062723c751e8b465ee728b)  -> (artifact id: '1701e05ec64762b9418db4a548122a6b') in 0.012474 seconds 
========================================================================
Received Prepare
Registering precompiled user dll's ...
Registered in 0.003456 seconds.
Begin MonoManager ReloadAssembly
Symbol file LoadedFromMemory doesn't match image D:\Game Development\Respository\Final Projects\2D platformer\Library\PackageCache\com.unity.visualscripting@1.6.1\Editor\VisualScripting.Core\Dependencies\YamlDotNet\Unity.VisualScripting.YamlDotNet.dll
Symbol file LoadedFromMemory doesn't match image D:\Game Development\Respository\Final Projects\2D platformer\Library\PackageCache\com.unity.visualscripting@1.6.1\Editor\VisualScripting.Core\Dependencies\DotNetZip\Unity.VisualScripting.IonicZip.dll
Native extension for WindowsStandalone target not found
Native extension for OSXStandalone target not found
Native extension for WebGL target not found
Refreshing native plugins compatible for Editor in 1.29 ms, found 2 plugins.
Preloading 0 native plugins for Editor in 0.00 ms.
Mono: successfully reloaded assembly
- Completed reload, in  1.029 seconds
Platform modules already initialized, skipping
Shader 'Universal Render Pipeline/Particles/Lit': fallback shader 'Universal Render Pipeline/Particles/SimpleLit' not found
Refreshing native plugins compatible for Editor in 1.27 ms, found 2 plugins.
Preloading 0 native plugins for Editor in 0.00 ms.
Unloading 4677 Unused Serialized files (Serialized files now loaded: 0)
System memory in use before: 191.0 MB.
System memory in use after: 191.1 MB.

Unloading 17 unused Assets to reduce memory usage. Loaded Objects now: 5336.
Total: 3.733000 ms (FindLiveObjects: 0.449300 ms CreateObjectMapping: 0.131900 ms MarkObjects: 3.018900 ms  DeleteObjects: 0.131200 ms)

========================================================================
Received Prepare
Registering precompiled user dll's ...
Registered in 0.003645 seconds.
Begin MonoManager ReloadAssembly
Symbol file LoadedFromMemory doesn't match image D:\Game Development\Respository\Final Projects\2D platformer\Library\PackageCache\com.unity.visualscripting@1.6.1\Editor\VisualScripting.Core\Dependencies\YamlDotNet\Unity.VisualScripting.YamlDotNet.dll
Symbol file LoadedFromMemory doesn't match image D:\Game Development\Respository\Final Projects\2D platformer\Library\PackageCache\com.unity.visualscripting@1.6.1\Editor\VisualScripting.Core\Dependencies\DotNetZip\Unity.VisualScripting.IonicZip.dll
Native extension for WindowsStandalone target not found
Native extension for OSXStandalone target not found
Native extension for WebGL target not found
Refreshing native plugins compatible for Editor in 1.36 ms, found 2 plugins.
Preloading 0 native plugins for Editor in 0.00 ms.
Mono: successfully reloaded assembly
- Completed reload, in  1.109 seconds
Platform modules already initialized, skipping
Shader 'Universal Render Pipeline/Particles/Lit': fallback shader 'Universal Render Pipeline/Particles/SimpleLit' not found
Refreshing native plugins compatible for Editor in 1.31 ms, found 2 plugins.
Preloading 0 native plugins for Editor in 0.00 ms.
Unloading 4677 Unused Serialized files (Serialized files now loaded: 0)
System memory in use before: 191.0 MB.
System memory in use after: 191.2 MB.

Unloading 17 unused Assets to reduce memory usage. Loaded Objects now: 5340.
Total: 4.629200 ms (FindLiveObjects: 0.644800 ms CreateObjectMapping: 0.320200 ms MarkObjects: 3.535500 ms  DeleteObjects: 0.127000 ms)

========================================================================
Received Prepare
Registering precompiled user dll's ...
Registered in 0.005235 seconds.
Begin MonoManager ReloadAssembly
Symbol file LoadedFromMemory doesn't match image D:\Game Development\Respository\Final Projects\2D platformer\Library\PackageCache\com.unity.visualscripting@1.6.1\Editor\VisualScripting.Core\Dependencies\YamlDotNet\Unity.VisualScripting.YamlDotNet.dll
Symbol file LoadedFromMemory doesn't match image D:\Game Development\Respository\Final Projects\2D platformer\Library\PackageCache\com.unity.visualscripting@1.6.1\Editor\VisualScripting.Core\Dependencies\DotNetZip\Unity.VisualScripting.IonicZip.dll
Native extension for WindowsStandalone target not found
Native extension for OSXStandalone target not found
Native extension for WebGL target not found
Refreshing native plugins compatible for Editor in 2.10 ms, found 2 plugins.
Preloading 0 native plugins for Editor in 0.00 ms.
Mono: successfully reloaded assembly
- Completed reload, in  1.515 seconds
Platform modules already initialized, skipping
Shader 'Universal Render Pipeline/Particles/Lit': fallback shader 'Universal Render Pipeline/Particles/SimpleLit' not found
Refreshing native plugins compatible for Editor in 1.26 ms, found 2 plugins.
Preloading 0 native plugins for Editor in 0.00 ms.
Unloading 4677 Unused Serialized files (Serialized files now loaded: 0)
System memory in use before: 190.9 MB.
System memory in use after: 191.0 MB.

Unloading 17 unused Assets to reduce memory usage. Loaded Objects now: 5344.
Total: 3.567600 ms (FindLiveObjects: 0.486900 ms CreateObjectMapping: 0.182300 ms MarkObjects: 2.773400 ms  DeleteObjects: 0.123500 ms)

========================================================================
Received Prepare
Registering precompiled user dll's ...
Registered in 0.003502 seconds.
Begin MonoManager ReloadAssembly
Symbol file LoadedFromMemory doesn't match image D:\Game Development\Respository\Final Projects\2D platformer\Library\PackageCache\com.unity.visualscripting@1.6.1\Editor\VisualScripting.Core\Dependencies\YamlDotNet\Unity.VisualScripting.YamlDotNet.dll
Symbol file LoadedFromMemory doesn't match image D:\Game Development\Respository\Final Projects\2D platformer\Library\PackageCache\com.unity.visualscripting@1.6.1\Editor\VisualScripting.Core\Dependencies\DotNetZip\Unity.VisualScripting.IonicZip.dll
Native extension for WindowsStandalone target not found
Native extension for OSXStandalone target not found
Native extension for WebGL target not found
Refreshing native plugins compatible for Editor in 1.29 ms, found 2 plugins.
Preloading 0 native plugins for Editor in 0.00 ms.
Mono: successfully reloaded assembly
- Completed reload, in  1.048 seconds
Platform modules already initialized, skipping
Shader 'Universal Render Pipeline/Particles/Lit': fallback shader 'Universal Render Pipeline/Particles/SimpleLit' not found
Refreshing native plugins compatible for Editor in 1.27 ms, found 2 plugins.
Preloading 0 native plugins for Editor in 0.00 ms.
Unloading 4677 Unused Serialized files (Serialized files now loaded: 0)
System memory in use before: 191.1 MB.
System memory in use after: 191.2 MB.

Unloading 17 unused Assets to reduce memory usage. Loaded Objects now: 5348.
Total: 3.464500 ms (FindLiveObjects: 0.452700 ms CreateObjectMapping: 0.135500 ms MarkObjects: 2.749800 ms  DeleteObjects: 0.125200 ms)

========================================================================
Received Import Request.
  Time since last request: 404.200056 seconds.
  path: Assets/GothicVania Church/Sprites/Player/crouch-kick1.png
  artifactKey: Guid(e9b41e0420455410cbc248c9521394e0) Importer(815301076,1909f56bfc062723c751e8b465ee728b)
Start importing Assets/GothicVania Church/Sprites/Player/crouch-kick1.png using Guid(e9b41e0420455410cbc248c9521394e0) Importer(815301076,1909f56bfc062723c751e8b465ee728b)  -> (artifact id: 'c54fefb1d09a905c1fe80aaab3974968') in 0.074356 seconds 
========================================================================
Received Import Request.
  Time since last request: 0.000293 seconds.
  path: Assets/GothicVania Church/Sprites/Player/idle4.png
  artifactKey: Guid(563556f49d526459caa611ebd16ba049) Importer(815301076,1909f56bfc062723c751e8b465ee728b)
Start importing Assets/GothicVania Church/Sprites/Player/idle4.png using Guid(563556f49d526459caa611ebd16ba049) Importer(815301076,1909f56bfc062723c751e8b465ee728b)  -> (artifact id: '928d45c2fb76146fb6478d48ef513a9c') in 0.029286 seconds 
========================================================================
Received Import Request.
  Time since last request: 0.000286 seconds.
  path: Assets/GothicVania Church/Sprites/Player/flying-kick1.png
  artifactKey: Guid(aa2239ea2d85b4985b011ff36565aedb) Importer(815301076,1909f56bfc062723c751e8b465ee728b)
Start importing Assets/GothicVania Church/Sprites/Player/flying-kick1.png using Guid(aa2239ea2d85b4985b011ff36565aedb) Importer(815301076,1909f56bfc062723c751e8b465ee728b)  -> (artifact id: 'f4d73229426e14d02c8a77c97e258386') in 0.036659 seconds 
========================================================================
Received Import Request.
  Time since last request: 0.000284 seconds.
  path: Assets/GothicVania Church/Sprites/Player/fall2.png
  artifactKey: Guid(17e914b2075b74d86afa9a2db24bede8) Importer(815301076,1909f56bfc062723c751e8b465ee728b)
Start importing Assets/GothicVania Church/Sprites/Player/fall2.png using Guid(17e914b2075b74d86afa9a2db24bede8) Importer(815301076,1909f56bfc062723c751e8b465ee728b)  -> (artifact id: '65a20b454366ad477c9a36eb6af59c0f') in 0.024845 seconds 
========================================================================
Received Import Request.
  Time since last request: 0.000250 seconds.
  path: Assets/GothicVania Church/Sprites/Player/crouch1.png
  artifactKey: Guid(6c12ab0f9f7e045279baad6e5fe695a4) Importer(815301076,1909f56bfc062723c751e8b465ee728b)
Start importing Assets/GothicVania Church/Sprites/Player/crouch1.png using Guid(6c12ab0f9f7e045279baad6e5fe695a4) Importer(815301076,1909f56bfc062723c751e8b465ee728b)  -> (artifact id: '5c8a2a37615d5c9e54bc3295ed9832f1') in 0.036380 seconds 
========================================================================
Received Import Request.
  Time since last request: 0.000356 seconds.
  path: Assets/GothicVania Church/Sprites/Player/crouch-kick4.png
  artifactKey: Guid(4118dc37bb9534c589a2424dc034ae21) Importer(815301076,1909f56bfc062723c751e8b465ee728b)
Start importing Assets/GothicVania Church/Sprites/Player/crouch-kick4.png using Guid(4118dc37bb9534c589a2424dc034ae21) Importer(815301076,1909f56bfc062723c751e8b465ee728b)  -> (artifact id: 'e8442e304c274679047b1dd717528a89') in 0.025386 seconds 
========================================================================
Received Import Request.
  Time since last request: 0.000506 seconds.
  path: Assets/GothicVania Church/Sprites/Player/fall1.png
  artifactKey: Guid(0a4d0cae07b8f459cbca8363c501cbfb) Importer(815301076,1909f56bfc062723c751e8b465ee728b)
Start importing Assets/GothicVania Church/Sprites/Player/fall1.png using Guid(0a4d0cae07b8f459cbca8363c501cbfb) Importer(815301076,1909f56bfc062723c751e8b465ee728b)  -> (artifact id: '64aa2324ad5815f703f3f5195c0c020f') in 0.032227 seconds 
========================================================================
Received Import Request.
  Time since last request: 0.000263 seconds.
  path: Assets/GothicVania Church/Sprites/Player/idle3.png
  artifactKey: Guid(f9c37e6f72a5d4187af8f85c69a03557) Importer(815301076,1909f56bfc062723c751e8b465ee728b)
Start importing Assets/GothicVania Church/Sprites/Player/idle3.png using Guid(f9c37e6f72a5d4187af8f85c69a03557) Importer(815301076,1909f56bfc062723c751e8b465ee728b)  -> (artifact id: 'f2c1dc73ca0c4351942a1437472e8cd4') in 0.023453 seconds 
========================================================================
Received Import Request.
  Time since last request: 0.000261 seconds.
  path: Assets/GothicVania Church/Sprites/Player/crouch-kick3.png
  artifactKey: Guid(db31431b232124424a04b9deceaffd2e) Importer(815301076,1909f56bfc062723c751e8b465ee728b)
Start importing Assets/GothicVania Church/Sprites/Player/crouch-kick3.png using Guid(db31431b232124424a04b9deceaffd2e) Importer(815301076,1909f56bfc062723c751e8b465ee728b)  -> (artifact id: 'e2ccf95bea6eac0be27db963ece8d32c') in 0.022877 seconds 
========================================================================
Received Import Request.
  Time since last request: 0.000254 seconds.
  path: Assets/GothicVania Church/Sprites/Player/jump1.png
  artifactKey: Guid(5c862507d62d14de4b3b26ea2191100f) Importer(815301076,1909f56bfc062723c751e8b465ee728b)
Start importing Assets/GothicVania Church/Sprites/Player/jump1.png using Guid(5c862507d62d14de4b3b26ea2191100f) Importer(815301076,1909f56bfc062723c751e8b465ee728b)  -> (artifact id: 'c811569e16428c1cd4457e15f6b8b405') in 0.032782 seconds 
========================================================================
Received Import Request.
  Time since last request: 0.000293 seconds.
  path: Assets/GothicVania Church/Sprites/Player/hurt2.png
  artifactKey: Guid(c83d22e2696f0452ca051dfbee91c509) Importer(815301076,1909f56bfc062723c751e8b465ee728b)
Start importing Assets/GothicVania Church/Sprites/Player/hurt2.png using Guid(c83d22e2696f0452ca051dfbee91c509) Importer(815301076,1909f56bfc062723c751e8b465ee728b)  -> (artifact id: 'ef5579f318559b83671745522a8f0abb') in 0.031427 seconds 
========================================================================
Received Import Request.
  Time since last request: 0.000263 seconds.
  path: Assets/GothicVania Church/Sprites/Player/idle1.png
  artifactKey: Guid(fdb550509659347d4b4c37d05c566ad2) Importer(815301076,1909f56bfc062723c751e8b465ee728b)
Start importing Assets/GothicVania Church/Sprites/Player/idle1.png using Guid(fdb550509659347d4b4c37d05c566ad2) Importer(815301076,1909f56bfc062723c751e8b465ee728b)  -> (artifact id: '0905e27ffb29042ced1829196adb947d') in 0.041245 seconds 
========================================================================
Received Import Request.
  Time since last request: 0.000474 seconds.
  path: Assets/GothicVania Church/Sprites/Player/kick5.png
  artifactKey: Guid(13e9ff82fb53f43fa9e7d9940ad8ac71) Importer(815301076,1909f56bfc062723c751e8b465ee728b)
Start importing Assets/GothicVania Church/Sprites/Player/kick5.png using Guid(13e9ff82fb53f43fa9e7d9940ad8ac71) Importer(815301076,1909f56bfc062723c751e8b465ee728b)  -> (artifact id: 'a174377093888e890415d5bafe79685f') in 0.033242 seconds 
========================================================================
Received Import Request.
  Time since last request: 0.000418 seconds.
  path: Assets/GothicVania Church/Sprites/Player/jump2.png
  artifactKey: Guid(ca16ace20bd0a4e8fb0eb791a94a52d2) Importer(815301076,1909f56bfc062723c751e8b465ee728b)
Start importing Assets/GothicVania Church/Sprites/Player/jump2.png using Guid(ca16ace20bd0a4e8fb0eb791a94a52d2) Importer(815301076,1909f56bfc062723c751e8b465ee728b)  -> (artifact id: '8794093672caf0fe5367b9028e93e395') in 0.026149 seconds 
========================================================================
Received Import Request.
  Time since last request: 0.000264 seconds.
  path: Assets/GothicVania Church/Sprites/Player/crouch-kick5.png
  artifactKey: Guid(a2debfac0934c41acaa22fdbb78c2948) Importer(815301076,1909f56bfc062723c751e8b465ee728b)
Start importing Assets/GothicVania Church/Sprites/Player/crouch-kick5.png using Guid(a2debfac0934c41acaa22fdbb78c2948) Importer(815301076,1909f56bfc062723c751e8b465ee728b)  -> (artifact id: '26b08d0e3c6a7b42cea01bb32a3056c4') in 0.029794 seconds 
========================================================================
Received Import Request.
  Time since last request: 0.000275 seconds.
  path: Assets/GothicVania Church/Sprites/Player/crouch2.png
  artifactKey: Guid(c335d4c1b5ba44c11b0b64dc7564f844) Importer(815301076,1909f56bfc062723c751e8b465ee728b)
Start importing Assets/GothicVania Church/Sprites/Player/crouch2.png using Guid(c335d4c1b5ba44c11b0b64dc7564f844) Importer(815301076,1909f56bfc062723c751e8b465ee728b)  -> (artifact id: 'cb76fbc5795729cf61cc9db2c5d6a28f') in 0.027604 seconds 
========================================================================
Received Import Request.
  Time since last request: 0.000290 seconds.
  path: Assets/GothicVania Church/Sprites/Player/hurt1.png
  artifactKey: Guid(c34d8f018a379485899213a80ea48319) Importer(815301076,1909f56bfc062723c751e8b465ee728b)
Start importing Assets/GothicVania Church/Sprites/Player/hurt1.png using Guid(c34d8f018a379485899213a80ea48319) Importer(815301076,1909f56bfc062723c751e8b465ee728b)  -> (artifact id: '0afca07a355d3e63a28d55534c328893') in 0.026175 seconds 
========================================================================
Received Import Request.
  Time since last request: 0.000225 seconds.
  path: Assets/GothicVania Church/Sprites/Player/punch2.png
  artifactKey: Guid(2b7a26e786ce647949fe93bc248c77ea) Importer(815301076,1909f56bfc062723c751e8b465ee728b)
Start importing Assets/GothicVania Church/Sprites/Player/punch2.png using Guid(2b7a26e786ce647949fe93bc248c77ea) Importer(815301076,1909f56bfc062723c751e8b465ee728b)  -> (artifact id: 'b40895ba556479e3fe37c84b01b2e6a6') in 0.027465 seconds 
========================================================================
Received Import Request.
  Time since last request: 0.000276 seconds.
  path: Assets/GothicVania Church/Sprites/Player/punch4.png
  artifactKey: Guid(aab807ebc17334cb29e119f602ccf1b0) Importer(815301076,1909f56bfc062723c751e8b465ee728b)
Start importing Assets/GothicVania Church/Sprites/Player/punch4.png using Guid(aab807ebc17334cb29e119f602ccf1b0) Importer(815301076,1909f56bfc062723c751e8b465ee728b)  -> (artifact id: 'f22fa3ba59b8545287d8a9d7cbcad700') in 0.033595 seconds 
========================================================================
Received Import Request.
  Time since last request: 0.000272 seconds.
  path: Assets/GothicVania Church/Sprites/Player/punch5.png
  artifactKey: Guid(00f02830bc19842adbcc4fcde20eb341) Importer(815301076,1909f56bfc062723c751e8b465ee728b)
Start importing Assets/GothicVania Church/Sprites/Player/punch5.png using Guid(00f02830bc19842adbcc4fcde20eb341) Importer(815301076,1909f56bfc062723c751e8b465ee728b)  -> (artifact id: '90e900f67e3946b7b8577f9404ef751b') in 0.030665 seconds 
========================================================================
Received Import Request.
  Time since last request: 0.000395 seconds.
  path: Assets/GothicVania Church/Sprites/Player/punch3.png
  artifactKey: Guid(978f3b887382f4ea7bb4a05ccae8d671) Importer(815301076,1909f56bfc062723c751e8b465ee728b)
Start importing Assets/GothicVania Church/Sprites/Player/punch3.png using Guid(978f3b887382f4ea7bb4a05ccae8d671) Importer(815301076,1909f56bfc062723c751e8b465ee728b)  -> (artifact id: '15d9da608a3e14ae346ecc75e5cb57a0') in 0.025826 seconds 
========================================================================
Received Import Request.
  Time since last request: 0.000267 seconds.
  path: Assets/GothicVania Church/Sprites/Player/crouch-kick2.png
  artifactKey: Guid(5588a1d29d5ee4a0abd8709439dd6bf1) Importer(815301076,1909f56bfc062723c751e8b465ee728b)
Start importing Assets/GothicVania Church/Sprites/Player/crouch-kick2.png using Guid(5588a1d29d5ee4a0abd8709439dd6bf1) Importer(815301076,1909f56bfc062723c751e8b465ee728b)  -> (artifact id: 'a03612f1a4b800631024d0e1ef223534') in 0.025678 seconds 
========================================================================
Received Import Request.
  Time since last request: 0.000559 seconds.
  path: Assets/GothicVania Church/Sprites/Player/kick1.png
  artifactKey: Guid(9647dcba19d63446aa5f8289b90d9d0d) Importer(815301076,1909f56bfc062723c751e8b465ee728b)
Start importing Assets/GothicVania Church/Sprites/Player/kick1.png using Guid(9647dcba19d63446aa5f8289b90d9d0d) Importer(815301076,1909f56bfc062723c751e8b465ee728b)  -> (artifact id: 'a75033fcd353bae46231dccc40720c33') in 0.023952 seconds 
========================================================================
Received Import Request.
  Time since last request: 0.000298 seconds.
  path: Assets/GothicVania Church/Sprites/Player/punch6.png
  artifactKey: Guid(45d6ae8e156324f6dabb024742201060) Importer(815301076,1909f56bfc062723c751e8b465ee728b)
Start importing Assets/GothicVania Church/Sprites/Player/punch6.png using Guid(45d6ae8e156324f6dabb024742201060) Importer(815301076,1909f56bfc062723c751e8b465ee728b)  -> (artifact id: '37fa6ced1e00ebb2d5d520e525c62953') in 0.029458 seconds 
========================================================================
Received Import Request.
  Time since last request: 0.000279 seconds.
  path: Assets/GothicVania Church/Sprites/Player/idle2.png
  artifactKey: Guid(644d0c456f11e4f3a8bfed6bd6c62e5e) Importer(815301076,1909f56bfc062723c751e8b465ee728b)
Start importing Assets/GothicVania Church/Sprites/Player/idle2.png using Guid(644d0c456f11e4f3a8bfed6bd6c62e5e) Importer(815301076,1909f56bfc062723c751e8b465ee728b)  -> (artifact id: '38f7d7ff4d40e93e7895b2224298252a') in 0.026227 seconds 
========================================================================
Received Import Request.
  Time since last request: 0.000278 seconds.
  path: Assets/GothicVania Church/Sprites/Player/kick4.png
  artifactKey: Guid(e782e4bf9def54d40b3969040345bad0) Importer(815301076,1909f56bfc062723c751e8b465ee728b)
Start importing Assets/GothicVania Church/Sprites/Player/kick4.png using Guid(e782e4bf9def54d40b3969040345bad0) Importer(815301076,1909f56bfc062723c751e8b465ee728b)  -> (artifact id: 'c96fd46aa5d57a9637d7c9da3b6f583a') in 0.027311 seconds 
========================================================================
Received Import Request.
  Time since last request: 0.000271 seconds.
  path: Assets/GothicVania Church/Sprites/Player/kick2.png
  artifactKey: Guid(4d598155a80214f94afdb6008f1f3d66) Importer(815301076,1909f56bfc062723c751e8b465ee728b)
Start importing Assets/GothicVania Church/Sprites/Player/kick2.png using Guid(4d598155a80214f94afdb6008f1f3d66) Importer(815301076,1909f56bfc062723c751e8b465ee728b)  -> (artifact id: 'f781cdd594fb7c971d69ca50d9b6cc1d') in 0.027205 seconds 
========================================================================
Received Import Request.
  Time since last request: 0.000284 seconds.
  path: Assets/GothicVania Church/Sprites/Player/flying-kick2.png
  artifactKey: Guid(89eb02d4b3eb54763977e974b7c54a9b) Importer(815301076,1909f56bfc062723c751e8b465ee728b)
Start importing Assets/GothicVania Church/Sprites/Player/flying-kick2.png using Guid(89eb02d4b3eb54763977e974b7c54a9b) Importer(815301076,1909f56bfc062723c751e8b465ee728b)  -> (artifact id: '283a2070e99df67ea35b655647581d82') in 0.052041 seconds 
========================================================================
Received Import Request.
  Time since last request: 0.000279 seconds.
  path: Assets/GothicVania Church/Sprites/Player/walk3.png
  artifactKey: Guid(79c2c726d52814a1c80e5bb3a4627fd3) Importer(815301076,1909f56bfc062723c751e8b465ee728b)
Start importing Assets/GothicVania Church/Sprites/Player/walk3.png using Guid(79c2c726d52814a1c80e5bb3a4627fd3) Importer(815301076,1909f56bfc062723c751e8b465ee728b)  -> (artifact id: 'd9222ea59920fe13de71a2f522a12c02') in 0.023038 seconds 
========================================================================
Received Import Request.
  Time since last request: 0.000324 seconds.
  path: Assets/GothicVania Church/Sprites/Player/walk1.png
  artifactKey: Guid(dd247f222c6264ca39475b75487a73f5) Importer(815301076,1909f56bfc062723c751e8b465ee728b)
Start importing Assets/GothicVania Church/Sprites/Player/walk1.png using Guid(dd247f222c6264ca39475b75487a73f5) Importer(815301076,1909f56bfc062723c751e8b465ee728b)  -> (artifact id: 'be38c6906232a027d5541031dee7cca5') in 0.040628 seconds 
========================================================================
Received Import Request.
  Time since last request: 0.000270 seconds.
  path: Assets/GothicVania Church/Sprites/Player/walk2.png
  artifactKey: Guid(2298eed038e8b4a3089b59aae0afbbe7) Importer(815301076,1909f56bfc062723c751e8b465ee728b)
Start importing Assets/GothicVania Church/Sprites/Player/walk2.png using Guid(2298eed038e8b4a3089b59aae0afbbe7) Importer(815301076,1909f56bfc062723c751e8b465ee728b)  -> (artifact id: 'aa2be6bcf622d7680d1ff4ec58b7d3d5') in 0.030837 seconds 
========================================================================
Received Import Request.
  Time since last request: 0.000258 seconds.
  path: Assets/GothicVania Church/Sprites/Player/walk6.png
  artifactKey: Guid(6d15c03edf63546959ebef5c555dc1b2) Importer(815301076,1909f56bfc062723c751e8b465ee728b)
Start importing Assets/GothicVania Church/Sprites/Player/walk6.png using Guid(6d15c03edf63546959ebef5c555dc1b2) Importer(815301076,1909f56bfc062723c751e8b465ee728b)  -> (artifact id: 'ccdb4bb053071b77a9de0e97b4fe3cce') in 0.027865 seconds 
========================================================================
Received Import Request.
  Time since last request: 0.000273 seconds.
  path: Assets/GothicVania Church/Sprites/Player/walk4.png
  artifactKey: Guid(afbdf7087d4a245c4b7e071b61787f94) Importer(815301076,1909f56bfc062723c751e8b465ee728b)
Start importing Assets/GothicVania Church/Sprites/Player/walk4.png using Guid(afbdf7087d4a245c4b7e071b61787f94) Importer(815301076,1909f56bfc062723c751e8b465ee728b)  -> (artifact id: '791970dbbe85ecba824094c57d7f7911') in 0.025347 seconds 
========================================================================
Received Import Request.
  Time since last request: 0.000248 seconds.
  path: Assets/GothicVania Church/Sprites/Player/walk5.png
  artifactKey: Guid(ca4dc75c4cca84658b20e61c406cc5b5) Importer(815301076,1909f56bfc062723c751e8b465ee728b)
Start importing Assets/GothicVania Church/Sprites/Player/walk5.png using Guid(ca4dc75c4cca84658b20e61c406cc5b5) Importer(815301076,1909f56bfc062723c751e8b465ee728b)  -> (artifact id: '3883e2fee18c29fe656d7130d54a89c6') in 0.030460 seconds 
========================================================================
Received Import Request.
  Time since last request: 0.000289 seconds.
  path: Assets/GothicVania Church/Sprites/Player/kick3.png
  artifactKey: Guid(ac71e01c03cf145ccafaa78004bcf4bb) Importer(815301076,1909f56bfc062723c751e8b465ee728b)
Start importing Assets/GothicVania Church/Sprites/Player/kick3.png using Guid(ac71e01c03cf145ccafaa78004bcf4bb) Importer(815301076,1909f56bfc062723c751e8b465ee728b)  -> (artifact id: '5649d87795214b9b35c32802c55757b6') in 0.030455 seconds 
========================================================================
Received Import Request.
  Time since last request: 0.000263 seconds.
  path: Assets/GothicVania Church/Sprites/Player/punch1.png
  artifactKey: Guid(8c2b057cc49584bffb4781471ebcc7ab) Importer(815301076,1909f56bfc062723c751e8b465ee728b)
Start importing Assets/GothicVania Church/Sprites/Player/punch1.png using Guid(8c2b057cc49584bffb4781471ebcc7ab) Importer(815301076,1909f56bfc062723c751e8b465ee728b)  -> (artifact id: 'ba5ee520f8d0f4e7f928f7246645222a') in 0.023937 seconds 
========================================================================
Received Import Request.
  Time since last request: 6.652212 seconds.
  path: Assets/GothicVania Church/Sprites/Player/Materials
  artifactKey: Guid(e983085822755b34c8d79543324afb07) Importer(815301076,1909f56bfc062723c751e8b465ee728b)
Start importing Assets/GothicVania Church/Sprites/Player/Materials using Guid(e983085822755b34c8d79543324afb07) Importer(815301076,1909f56bfc062723c751e8b465ee728b)  -> (artifact id: '209e94c4b3d84a79b8a2a098b6bdf41e') in 0.008487 seconds 
========================================================================
Received Prepare
Registering precompiled user dll's ...
Registered in 0.042464 seconds.
Begin MonoManager ReloadAssembly
Symbol file LoadedFromMemory doesn't match image D:\Game Development\Respository\Final Projects\2D platformer\Library\PackageCache\com.unity.visualscripting@1.6.1\Editor\VisualScripting.Core\Dependencies\YamlDotNet\Unity.VisualScripting.YamlDotNet.dll
Symbol file LoadedFromMemory doesn't match image D:\Game Development\Respository\Final Projects\2D platformer\Library\PackageCache\com.unity.visualscripting@1.6.1\Editor\VisualScripting.Core\Dependencies\DotNetZip\Unity.VisualScripting.IonicZip.dll
Native extension for WindowsStandalone target not found
Native extension for OSXStandalone target not found
Native extension for WebGL target not found
Refreshing native plugins compatible for Editor in 1.29 ms, found 2 plugins.
Preloading 0 native plugins for Editor in 0.00 ms.
Mono: successfully reloaded assembly
- Completed reload, in  1.877 seconds
Platform modules already initialized, skipping
Shader 'Universal Render Pipeline/Particles/Lit': fallback shader 'Universal Render Pipeline/Particles/SimpleLit' not found
Refreshing native plugins compatible for Editor in 1.37 ms, found 2 plugins.
Preloading 0 native plugins for Editor in 0.00 ms.
Unloading 4713 Unused Serialized files (Serialized files now loaded: 0)
System memory in use before: 207.7 MB.
System memory in use after: 208.1 MB.

Unloading 17 unused Assets to reduce memory usage. Loaded Objects now: 5895.
Total: 5.342900 ms (FindLiveObjects: 1.111300 ms CreateObjectMapping: 0.248400 ms MarkObjects: 3.839000 ms  DeleteObjects: 0.139700 ms)

========================================================================
Received Prepare
Registering precompiled user dll's ...
Registered in 0.003826 seconds.
Begin MonoManager ReloadAssembly
Symbol file LoadedFromMemory doesn't match image D:\Game Development\Respository\Final Projects\2D platformer\Library\PackageCache\com.unity.visualscripting@1.6.1\Editor\VisualScripting.Core\Dependencies\YamlDotNet\Unity.VisualScripting.YamlDotNet.dll
Symbol file LoadedFromMemory doesn't match image D:\Game Development\Respository\Final Projects\2D platformer\Library\PackageCache\com.unity.visualscripting@1.6.1\Editor\VisualScripting.Core\Dependencies\DotNetZip\Unity.VisualScripting.IonicZip.dll
Native extension for WindowsStandalone target not found
Native extension for OSXStandalone target not found
Native extension for WebGL target not found
Refreshing native plugins compatible for Editor in 1.46 ms, found 2 plugins.
Preloading 0 native plugins for Editor in 0.00 ms.
Mono: successfully reloaded assembly
- Completed reload, in  1.144 seconds
Platform modules already initialized, skipping
Shader 'Universal Render Pipeline/Particles/Lit': fallback shader 'Universal Render Pipeline/Particles/SimpleLit' not found
Refreshing native plugins compatible for Editor in 1.30 ms, found 2 plugins.
Preloading 0 native plugins for Editor in 0.00 ms.
Unloading 4677 Unused Serialized files (Serialized files now loaded: 0)
System memory in use before: 206.2 MB.
System memory in use after: 206.5 MB.

Unloading 17 unused Assets to reduce memory usage. Loaded Objects now: 5899.
Total: 4.696700 ms (FindLiveObjects: 0.621700 ms CreateObjectMapping: 0.324600 ms MarkObjects: 3.591300 ms  DeleteObjects: 0.157200 ms)

========================================================================
Received Prepare
Registering precompiled user dll's ...
Registered in 0.003567 seconds.
Begin MonoManager ReloadAssembly
Symbol file LoadedFromMemory doesn't match image D:\Game Development\Respository\Final Projects\2D platformer\Library\PackageCache\com.unity.visualscripting@1.6.1\Editor\VisualScripting.Core\Dependencies\YamlDotNet\Unity.VisualScripting.YamlDotNet.dll
Symbol file LoadedFromMemory doesn't match image D:\Game Development\Respository\Final Projects\2D platformer\Library\PackageCache\com.unity.visualscripting@1.6.1\Editor\VisualScripting.Core\Dependencies\DotNetZip\Unity.VisualScripting.IonicZip.dll
Native extension for WindowsStandalone target not found
Native extension for OSXStandalone target not found
Native extension for WebGL target not found
Refreshing native plugins compatible for Editor in 1.39 ms, found 2 plugins.
Preloading 0 native plugins for Editor in 0.00 ms.
Mono: successfully reloaded assembly
- Completed reload, in  1.157 seconds
Platform modules already initialized, skipping
Shader 'Universal Render Pipeline/Particles/Lit': fallback shader 'Universal Render Pipeline/Particles/SimpleLit' not found
Refreshing native plugins compatible for Editor in 1.31 ms, found 2 plugins.
Preloading 0 native plugins for Editor in 0.00 ms.
Unloading 4677 Unused Serialized files (Serialized files now loaded: 0)
System memory in use before: 206.3 MB.
System memory in use after: 206.6 MB.

Unloading 17 unused Assets to reduce memory usage. Loaded Objects now: 5903.
Total: 4.371200 ms (FindLiveObjects: 0.643900 ms CreateObjectMapping: 0.179600 ms MarkObjects: 3.411300 ms  DeleteObjects: 0.134300 ms)

========================================================================
Received Prepare
Registering precompiled user dll's ...
Registered in 0.003482 seconds.
Begin MonoManager ReloadAssembly
Symbol file LoadedFromMemory doesn't match image D:\Game Development\Respository\Final Projects\2D platformer\Library\PackageCache\com.unity.visualscripting@1.6.1\Editor\VisualScripting.Core\Dependencies\YamlDotNet\Unity.VisualScripting.YamlDotNet.dll
Symbol file LoadedFromMemory doesn't match image D:\Game Development\Respository\Final Projects\2D platformer\Library\PackageCache\com.unity.visualscripting@1.6.1\Editor\VisualScripting.Core\Dependencies\DotNetZip\Unity.VisualScripting.IonicZip.dll
Native extension for WindowsStandalone target not found
Native extension for OSXStandalone target not found
Native extension for WebGL target not found
Refreshing native plugins compatible for Editor in 1.40 ms, found 2 plugins.
Preloading 0 native plugins for Editor in 0.00 ms.
Mono: successfully reloaded assembly
- Completed reload, in  1.102 seconds
Platform modules already initialized, skipping
Shader 'Universal Render Pipeline/Particles/Lit': fallback shader 'Universal Render Pipeline/Particles/SimpleLit' not found
Refreshing native plugins compatible for Editor in 1.32 ms, found 2 plugins.
Preloading 0 native plugins for Editor in 0.00 ms.
Unloading 4677 Unused Serialized files (Serialized files now loaded: 0)
System memory in use before: 206.0 MB.
System memory in use after: 206.3 MB.

Unloading 17 unused Assets to reduce memory usage. Loaded Objects now: 5907.
Total: 4.069000 ms (FindLiveObjects: 0.703100 ms CreateObjectMapping: 0.257300 ms MarkObjects: 2.969900 ms  DeleteObjects: 0.137000 ms)

